2025-09-26T12:08:24.865+09:00  INFO 8812 --- [sboard] [File Watcher] rtingClassPathChangeChangedEventListener : Restarting due to 1 class path change (0 additions, 1 deletion, 0 modifications)
2025-09-26T12:08:24.869+09:00  INFO 8812 --- [sboard] [Thread-7] o.s.b.w.e.tomcat.GracefulShutdown        : Commencing graceful shutdown. Waiting for active requests to complete
2025-09-26T12:08:24.997+09:00  INFO 8812 --- [sboard] [tomcat-shutdown] o.s.b.w.e.tomcat.GracefulShutdown        : Graceful shutdown complete
2025-09-26T12:08:25.001+09:00  INFO 8812 --- [sboard] [Thread-7] j.LocalContainerEntityManagerFactoryBean : Closing JPA EntityManagerFactory for persistence unit 'default'
2025-09-26T12:08:25.003+09:00  INFO 8812 --- [sboard] [Thread-7] com.zaxxer.hikari.HikariDataSource       : HikariPool-1 - Shutdown initiated...
2025-09-26T12:08:25.111+09:00  INFO 8812 --- [sboard] [Thread-7] com.zaxxer.hikari.HikariDataSource       : HikariPool-1 - Shutdown completed.
2025-09-26T12:08:25.264+09:00  INFO 8812 --- [sboard] [restartedMain] kr.co.sboard.SboardApplication           : Starting SboardApplication v0.0.2-SNAPSHOT using Java 17.0.0.1 with PID 8812 (C:\Users\GGG\Desktop\workspace\sboard\build\classes\java\main started by GGG in C:\Users\GGG\Desktop\workspace\sboard)
2025-09-26T12:08:25.265+09:00  INFO 8812 --- [sboard] [restartedMain] kr.co.sboard.SboardApplication           : No active profile set, falling back to 1 default profile: "default"
2025-09-26T12:08:25.583+09:00  INFO 8812 --- [sboard] [restartedMain] .s.d.r.c.RepositoryConfigurationDelegate : Bootstrapping Spring Data JPA repositories in DEFAULT mode.
2025-09-26T12:08:25.588+09:00  INFO 8812 --- [sboard] [restartedMain] .s.d.r.c.RepositoryConfigurationDelegate : Finished Spring Data repository scanning in 3 ms. Found 0 JPA repository interfaces.
2025-09-26T12:08:25.701+09:00  WARN 8812 --- [sboard] [restartedMain] o.m.s.mapper.ClassPathMapperScanner      : No MyBatis mapper was found in '[kr.co.sboard]' package. Please check your configuration.
2025-09-26T12:08:25.810+09:00  INFO 8812 --- [sboard] [restartedMain] o.s.b.w.embedded.tomcat.TomcatWebServer  : Tomcat initialized with port 8080 (http)
2025-09-26T12:08:25.811+09:00  INFO 8812 --- [sboard] [restartedMain] o.apache.catalina.core.StandardService   : Starting service [Tomcat]
2025-09-26T12:08:25.811+09:00  INFO 8812 --- [sboard] [restartedMain] o.apache.catalina.core.StandardEngine    : Starting Servlet engine: [Apache Tomcat/10.1.46]
2025-09-26T12:08:25.840+09:00  INFO 8812 --- [sboard] [restartedMain] o.a.c.c.C.[.[localhost].[/sboard]        : Initializing Spring embedded WebApplicationContext
2025-09-26T12:08:25.840+09:00  INFO 8812 --- [sboard] [restartedMain] w.s.c.ServletWebServerApplicationContext : Root WebApplicationContext: initialization completed in 570 ms
2025-09-26T12:08:25.894+09:00  INFO 8812 --- [sboard] [restartedMain] o.hibernate.jpa.internal.util.LogHelper  : HHH000204: Processing PersistenceUnitInfo [name: default]
2025-09-26T12:08:25.900+09:00  INFO 8812 --- [sboard] [restartedMain] o.h.c.internal.RegionFactoryInitiator    : HHH000026: Second-level cache disabled
2025-09-26T12:08:25.913+09:00  INFO 8812 --- [sboard] [restartedMain] o.s.o.j.p.SpringPersistenceUnitInfo      : No LoadTimeWeaver setup: ignoring JPA class transformer
2025-09-26T12:08:25.915+09:00  INFO 8812 --- [sboard] [restartedMain] com.zaxxer.hikari.HikariDataSource       : HikariPool-2 - Starting...
2025-09-26T12:08:25.915+09:00  WARN 8812 --- [sboard] [restartedMain] c.zaxxer.hikari.util.DriverDataSource    : Registered driver with driverClassName=oracle.jdbc.driver.OracleDriver was not found, trying direct instantiation.
2025-09-26T12:08:26.048+09:00  INFO 8812 --- [sboard] [restartedMain] com.zaxxer.hikari.pool.HikariPool        : HikariPool-2 - Added connection oracle.jdbc.driver.T4CConnection@5194dda2
2025-09-26T12:08:26.049+09:00  INFO 8812 --- [sboard] [restartedMain] com.zaxxer.hikari.HikariDataSource       : HikariPool-2 - Start completed.
2025-09-26T12:08:26.121+09:00  INFO 8812 --- [sboard] [restartedMain] org.hibernate.orm.connections.pooling    : HHH10001005: Database info:
	Database JDBC URL [Connecting through datasource 'HikariDataSource (HikariPool-2)']
	Database driver: undefined/unknown
	Database version: 21.3
	Autocommit mode: undefined/unknown
	Isolation level: undefined/unknown
	Minimum pool size: undefined/unknown
	Maximum pool size: undefined/unknown
2025-09-26T12:08:26.142+09:00  INFO 8812 --- [sboard] [restartedMain] o.h.e.t.j.p.i.JtaPlatformInitiator       : HHH000489: No JTA platform available (set 'hibernate.transaction.jta.platform' to enable JTA platform integration)
2025-09-26T12:08:26.143+09:00  INFO 8812 --- [sboard] [restartedMain] j.LocalContainerEntityManagerFactoryBean : Initialized JPA EntityManagerFactory for persistence unit 'default'
2025-09-26T12:08:26.160+09:00  WARN 8812 --- [sboard] [restartedMain] JpaBaseConfiguration$JpaWebConfiguration : spring.jpa.open-in-view is enabled by default. Therefore, database queries may be performed during view rendering. Explicitly configure spring.jpa.open-in-view to disable this warning
2025-09-26T12:08:26.169+09:00  INFO 8812 --- [sboard] [restartedMain] o.s.b.a.w.s.WelcomePageHandlerMapping    : Adding welcome page template: index
2025-09-26T12:08:26.273+09:00  WARN 8812 --- [sboard] [restartedMain] .s.s.UserDetailsServiceAutoConfiguration : 

Using generated security password: e54191c0-4b68-4798-9840-15e3075af4bd

This generated password is for development use only. Your security configuration must be updated before running your application in production.

2025-09-26T12:08:26.274+09:00  INFO 8812 --- [sboard] [restartedMain] r$InitializeUserDetailsManagerConfigurer : Global AuthenticationManager configured with UserDetailsService bean with name inMemoryUserDetailsManager
2025-09-26T12:08:26.296+09:00  INFO 8812 --- [sboard] [restartedMain] o.s.b.d.a.OptionalLiveReloadServer       : LiveReload server is running on port 35729
2025-09-26T12:08:26.305+09:00  INFO 8812 --- [sboard] [restartedMain] o.s.b.w.embedded.tomcat.TomcatWebServer  : Tomcat started on port 8080 (http) with context path '/sboard'
2025-09-26T12:08:26.309+09:00  INFO 8812 --- [sboard] [restartedMain] kr.co.sboard.SboardApplication           : Started SboardApplication in 1.114 seconds (process running for 550.625)
2025-09-26T12:08:26.311+09:00  INFO 8812 --- [sboard] [restartedMain] .ConditionEvaluationDeltaLoggingListener : Condition evaluation unchanged
2025-09-26T12:08:27.712+09:00  INFO 8812 --- [sboard] [File Watcher] rtingClassPathChangeChangedEventListener : Restarting due to 2 class path changes (2 additions, 0 deletions, 0 modifications)
2025-09-26T12:08:27.713+09:00  INFO 8812 --- [sboard] [Thread-9] o.s.b.w.e.tomcat.GracefulShutdown        : Commencing graceful shutdown. Waiting for active requests to complete
2025-09-26T12:08:27.837+09:00  INFO 8812 --- [sboard] [tomcat-shutdown] o.s.b.w.e.tomcat.GracefulShutdown        : Graceful shutdown complete
2025-09-26T12:08:27.839+09:00  INFO 8812 --- [sboard] [Thread-9] j.LocalContainerEntityManagerFactoryBean : Closing JPA EntityManagerFactory for persistence unit 'default'
2025-09-26T12:08:27.840+09:00  INFO 8812 --- [sboard] [Thread-9] com.zaxxer.hikari.HikariDataSource       : HikariPool-2 - Shutdown initiated...
2025-09-26T12:08:27.942+09:00  INFO 8812 --- [sboard] [Thread-9] com.zaxxer.hikari.HikariDataSource       : HikariPool-2 - Shutdown completed.
2025-09-26T12:08:28.021+09:00  INFO 8812 --- [sboard] [restartedMain] kr.co.sboard.SboardApplication           : Starting SboardApplication v0.0.2-SNAPSHOT using Java 17.0.0.1 with PID 8812 (C:\Users\GGG\Desktop\workspace\sboard\build\classes\java\main started by GGG in C:\Users\GGG\Desktop\workspace\sboard)
2025-09-26T12:08:28.021+09:00  INFO 8812 --- [sboard] [restartedMain] kr.co.sboard.SboardApplication           : No active profile set, falling back to 1 default profile: "default"
2025-09-26T12:08:28.208+09:00  INFO 8812 --- [sboard] [restartedMain] .s.d.r.c.RepositoryConfigurationDelegate : Bootstrapping Spring Data JPA repositories in DEFAULT mode.
2025-09-26T12:08:28.212+09:00  INFO 8812 --- [sboard] [restartedMain] .s.d.r.c.RepositoryConfigurationDelegate : Finished Spring Data repository scanning in 2 ms. Found 0 JPA repository interfaces.
2025-09-26T12:08:28.254+09:00  WARN 8812 --- [sboard] [restartedMain] o.m.s.mapper.ClassPathMapperScanner      : No MyBatis mapper was found in '[kr.co.sboard]' package. Please check your configuration.
2025-09-26T12:08:28.387+09:00  INFO 8812 --- [sboard] [restartedMain] o.s.b.w.embedded.tomcat.TomcatWebServer  : Tomcat initialized with port 8080 (http)
2025-09-26T12:08:28.388+09:00  INFO 8812 --- [sboard] [restartedMain] o.apache.catalina.core.StandardService   : Starting service [Tomcat]
2025-09-26T12:08:28.388+09:00  INFO 8812 --- [sboard] [restartedMain] o.apache.catalina.core.StandardEngine    : Starting Servlet engine: [Apache Tomcat/10.1.46]
2025-09-26T12:08:28.418+09:00  INFO 8812 --- [sboard] [restartedMain] o.a.c.c.C.[.[localhost].[/sboard]        : Initializing Spring embedded WebApplicationContext
2025-09-26T12:08:28.418+09:00  INFO 8812 --- [sboard] [restartedMain] w.s.c.ServletWebServerApplicationContext : Root WebApplicationContext: initialization completed in 395 ms
2025-09-26T12:08:28.468+09:00  INFO 8812 --- [sboard] [restartedMain] o.hibernate.jpa.internal.util.LogHelper  : HHH000204: Processing PersistenceUnitInfo [name: default]
2025-09-26T12:08:28.477+09:00  INFO 8812 --- [sboard] [restartedMain] o.h.c.internal.RegionFactoryInitiator    : HHH000026: Second-level cache disabled
2025-09-26T12:08:28.499+09:00  INFO 8812 --- [sboard] [restartedMain] o.s.o.j.p.SpringPersistenceUnitInfo      : No LoadTimeWeaver setup: ignoring JPA class transformer
2025-09-26T12:08:28.502+09:00  INFO 8812 --- [sboard] [restartedMain] com.zaxxer.hikari.HikariDataSource       : HikariPool-3 - Starting...
2025-09-26T12:08:28.502+09:00  WARN 8812 --- [sboard] [restartedMain] c.zaxxer.hikari.util.DriverDataSource    : Registered driver with driverClassName=oracle.jdbc.driver.OracleDriver was not found, trying direct instantiation.
2025-09-26T12:08:28.684+09:00  INFO 8812 --- [sboard] [restartedMain] com.zaxxer.hikari.pool.HikariPool        : HikariPool-3 - Added connection oracle.jdbc.driver.T4CConnection@6a806297
2025-09-26T12:08:28.684+09:00  INFO 8812 --- [sboard] [restartedMain] com.zaxxer.hikari.HikariDataSource       : HikariPool-3 - Start completed.
2025-09-26T12:08:28.775+09:00  INFO 8812 --- [sboard] [restartedMain] org.hibernate.orm.connections.pooling    : HHH10001005: Database info:
	Database JDBC URL [Connecting through datasource 'HikariDataSource (HikariPool-3)']
	Database driver: undefined/unknown
	Database version: 21.3
	Autocommit mode: undefined/unknown
	Isolation level: undefined/unknown
	Minimum pool size: undefined/unknown
	Maximum pool size: undefined/unknown
2025-09-26T12:08:28.795+09:00  INFO 8812 --- [sboard] [restartedMain] o.h.e.t.j.p.i.JtaPlatformInitiator       : HHH000489: No JTA platform available (set 'hibernate.transaction.jta.platform' to enable JTA platform integration)
2025-09-26T12:08:28.795+09:00  INFO 8812 --- [sboard] [restartedMain] j.LocalContainerEntityManagerFactoryBean : Initialized JPA EntityManagerFactory for persistence unit 'default'
2025-09-26T12:08:28.811+09:00  WARN 8812 --- [sboard] [restartedMain] JpaBaseConfiguration$JpaWebConfiguration : spring.jpa.open-in-view is enabled by default. Therefore, database queries may be performed during view rendering. Explicitly configure spring.jpa.open-in-view to disable this warning
2025-09-26T12:08:28.818+09:00  INFO 8812 --- [sboard] [restartedMain] o.s.b.a.w.s.WelcomePageHandlerMapping    : Adding welcome page template: index
2025-09-26T12:08:28.894+09:00  WARN 8812 --- [sboard] [restartedMain] .s.s.UserDetailsServiceAutoConfiguration : 

Using generated security password: bba7f74e-b360-45b9-a9ed-9ee1ce54baa5

This generated password is for development use only. Your security configuration must be updated before running your application in production.

2025-09-26T12:08:28.894+09:00  INFO 8812 --- [sboard] [restartedMain] r$InitializeUserDetailsManagerConfigurer : Global AuthenticationManager configured with UserDetailsService bean with name inMemoryUserDetailsManager
2025-09-26T12:08:28.911+09:00  INFO 8812 --- [sboard] [restartedMain] o.s.b.d.a.OptionalLiveReloadServer       : LiveReload server is running on port 35729
2025-09-26T12:08:28.921+09:00  INFO 8812 --- [sboard] [restartedMain] o.s.b.w.embedded.tomcat.TomcatWebServer  : Tomcat started on port 8080 (http) with context path '/sboard'
2025-09-26T12:08:28.925+09:00  INFO 8812 --- [sboard] [restartedMain] kr.co.sboard.SboardApplication           : Started SboardApplication in 0.931 seconds (process running for 553.24)
2025-09-26T12:08:28.926+09:00  INFO 8812 --- [sboard] [restartedMain] .ConditionEvaluationDeltaLoggingListener : Condition evaluation unchanged
2025-09-26T12:08:35.819+09:00  INFO 8812 --- [sboard] [http-nio-8080-exec-1] o.a.c.c.C.[.[localhost].[/sboard]        : Initializing Spring DispatcherServlet 'dispatcherServlet'
2025-09-26T12:08:35.819+09:00  INFO 8812 --- [sboard] [http-nio-8080-exec-1] o.s.web.servlet.DispatcherServlet        : Initializing Servlet 'dispatcherServlet'
2025-09-26T12:08:35.819+09:00  INFO 8812 --- [sboard] [http-nio-8080-exec-1] o.s.web.servlet.DispatcherServlet        : Completed initialization in 0 ms
2025-09-26T12:13:34.706+09:00  INFO 8812 --- [sboard] [File Watcher] rtingClassPathChangeChangedEventListener : Restarting due to 1 class path change (0 additions, 1 deletion, 0 modifications)
2025-09-26T12:13:34.707+09:00  INFO 8812 --- [sboard] [Thread-13] o.s.b.w.e.tomcat.GracefulShutdown        : Commencing graceful shutdown. Waiting for active requests to complete
2025-09-26T12:13:34.853+09:00  INFO 8812 --- [sboard] [tomcat-shutdown] o.s.b.w.e.tomcat.GracefulShutdown        : Graceful shutdown complete
2025-09-26T12:13:34.854+09:00  INFO 8812 --- [sboard] [Thread-13] j.LocalContainerEntityManagerFactoryBean : Closing JPA EntityManagerFactory for persistence unit 'default'
2025-09-26T12:13:34.855+09:00  INFO 8812 --- [sboard] [Thread-13] com.zaxxer.hikari.HikariDataSource       : HikariPool-3 - Shutdown initiated...
2025-09-26T12:13:34.962+09:00  INFO 8812 --- [sboard] [Thread-13] com.zaxxer.hikari.HikariDataSource       : HikariPool-3 - Shutdown completed.
2025-09-26T12:13:35.027+09:00  INFO 8812 --- [sboard] [restartedMain] kr.co.sboard.SboardApplication           : Starting SboardApplication v0.0.2-SNAPSHOT using Java 17.0.0.1 with PID 8812 (C:\Users\GGG\Desktop\workspace\sboard\build\classes\java\main started by GGG in C:\Users\GGG\Desktop\workspace\sboard)
2025-09-26T12:13:35.028+09:00  INFO 8812 --- [sboard] [restartedMain] kr.co.sboard.SboardApplication           : No active profile set, falling back to 1 default profile: "default"
2025-09-26T12:13:35.229+09:00  INFO 8812 --- [sboard] [restartedMain] .s.d.r.c.RepositoryConfigurationDelegate : Bootstrapping Spring Data JPA repositories in DEFAULT mode.
2025-09-26T12:13:35.231+09:00  INFO 8812 --- [sboard] [restartedMain] .s.d.r.c.RepositoryConfigurationDelegate : Finished Spring Data repository scanning in 1 ms. Found 0 JPA repository interfaces.
2025-09-26T12:13:35.269+09:00  WARN 8812 --- [sboard] [restartedMain] o.m.s.mapper.ClassPathMapperScanner      : No MyBatis mapper was found in '[kr.co.sboard]' package. Please check your configuration.
2025-09-26T12:13:35.326+09:00  INFO 8812 --- [sboard] [restartedMain] o.s.b.w.embedded.tomcat.TomcatWebServer  : Tomcat initialized with port 8080 (http)
2025-09-26T12:13:35.327+09:00  INFO 8812 --- [sboard] [restartedMain] o.apache.catalina.core.StandardService   : Starting service [Tomcat]
2025-09-26T12:13:35.327+09:00  INFO 8812 --- [sboard] [restartedMain] o.apache.catalina.core.StandardEngine    : Starting Servlet engine: [Apache Tomcat/10.1.46]
2025-09-26T12:13:35.345+09:00  INFO 8812 --- [sboard] [restartedMain] o.a.c.c.C.[.[localhost].[/sboard]        : Initializing Spring embedded WebApplicationContext
2025-09-26T12:13:35.346+09:00  INFO 8812 --- [sboard] [restartedMain] w.s.c.ServletWebServerApplicationContext : Root WebApplicationContext: initialization completed in 316 ms
2025-09-26T12:13:35.373+09:00  INFO 8812 --- [sboard] [restartedMain] o.hibernate.jpa.internal.util.LogHelper  : HHH000204: Processing PersistenceUnitInfo [name: default]
2025-09-26T12:13:35.384+09:00  INFO 8812 --- [sboard] [restartedMain] o.h.c.internal.RegionFactoryInitiator    : HHH000026: Second-level cache disabled
2025-09-26T12:13:35.414+09:00  INFO 8812 --- [sboard] [restartedMain] o.s.o.j.p.SpringPersistenceUnitInfo      : No LoadTimeWeaver setup: ignoring JPA class transformer
2025-09-26T12:13:35.416+09:00  INFO 8812 --- [sboard] [restartedMain] com.zaxxer.hikari.HikariDataSource       : HikariPool-4 - Starting...
2025-09-26T12:13:35.417+09:00  WARN 8812 --- [sboard] [restartedMain] c.zaxxer.hikari.util.DriverDataSource    : Registered driver with driverClassName=oracle.jdbc.driver.OracleDriver was not found, trying direct instantiation.
2025-09-26T12:13:35.546+09:00  INFO 8812 --- [sboard] [restartedMain] com.zaxxer.hikari.pool.HikariPool        : HikariPool-4 - Added connection oracle.jdbc.driver.T4CConnection@4ce61f58
2025-09-26T12:13:35.546+09:00  INFO 8812 --- [sboard] [restartedMain] com.zaxxer.hikari.HikariDataSource       : HikariPool-4 - Start completed.
2025-09-26T12:13:35.619+09:00  INFO 8812 --- [sboard] [restartedMain] org.hibernate.orm.connections.pooling    : HHH10001005: Database info:
	Database JDBC URL [Connecting through datasource 'HikariDataSource (HikariPool-4)']
	Database driver: undefined/unknown
	Database version: 21.3
	Autocommit mode: undefined/unknown
	Isolation level: undefined/unknown
	Minimum pool size: undefined/unknown
	Maximum pool size: undefined/unknown
2025-09-26T12:13:35.633+09:00  INFO 8812 --- [sboard] [restartedMain] o.h.e.t.j.p.i.JtaPlatformInitiator       : HHH000489: No JTA platform available (set 'hibernate.transaction.jta.platform' to enable JTA platform integration)
2025-09-26T12:13:35.634+09:00  INFO 8812 --- [sboard] [restartedMain] j.LocalContainerEntityManagerFactoryBean : Initialized JPA EntityManagerFactory for persistence unit 'default'
2025-09-26T12:13:35.647+09:00  WARN 8812 --- [sboard] [restartedMain] JpaBaseConfiguration$JpaWebConfiguration : spring.jpa.open-in-view is enabled by default. Therefore, database queries may be performed during view rendering. Explicitly configure spring.jpa.open-in-view to disable this warning
2025-09-26T12:13:35.655+09:00  INFO 8812 --- [sboard] [restartedMain] o.s.b.a.w.s.WelcomePageHandlerMapping    : Adding welcome page template: index
2025-09-26T12:13:35.731+09:00  WARN 8812 --- [sboard] [restartedMain] .s.s.UserDetailsServiceAutoConfiguration : 

Using generated security password: 76db2d4e-0dc6-4a47-ab46-dfecc5bf74af

This generated password is for development use only. Your security configuration must be updated before running your application in production.

2025-09-26T12:13:35.732+09:00  INFO 8812 --- [sboard] [restartedMain] r$InitializeUserDetailsManagerConfigurer : Global AuthenticationManager configured with UserDetailsService bean with name inMemoryUserDetailsManager
2025-09-26T12:13:35.751+09:00  INFO 8812 --- [sboard] [restartedMain] o.s.b.d.a.OptionalLiveReloadServer       : LiveReload server is running on port 35729
2025-09-26T12:13:35.760+09:00  INFO 8812 --- [sboard] [restartedMain] o.s.b.w.embedded.tomcat.TomcatWebServer  : Tomcat started on port 8080 (http) with context path '/sboard'
2025-09-26T12:13:35.764+09:00  INFO 8812 --- [sboard] [restartedMain] kr.co.sboard.SboardApplication           : Started SboardApplication in 0.763 seconds (process running for 860.084)
2025-09-26T12:13:35.765+09:00  INFO 8812 --- [sboard] [restartedMain] .ConditionEvaluationDeltaLoggingListener : Condition evaluation unchanged
2025-09-26T12:13:36.341+09:00  INFO 8812 --- [sboard] [http-nio-8080-exec-1] o.a.c.c.C.[.[localhost].[/sboard]        : Initializing Spring DispatcherServlet 'dispatcherServlet'
2025-09-26T12:13:36.341+09:00  INFO 8812 --- [sboard] [http-nio-8080-exec-1] o.s.web.servlet.DispatcherServlet        : Initializing Servlet 'dispatcherServlet'
2025-09-26T12:13:36.342+09:00  INFO 8812 --- [sboard] [http-nio-8080-exec-1] o.s.web.servlet.DispatcherServlet        : Completed initialization in 1 ms
2025-09-26T12:13:37.168+09:00  INFO 8812 --- [sboard] [File Watcher] rtingClassPathChangeChangedEventListener : Restarting due to 1 class path change (1 addition, 0 deletions, 0 modifications)
2025-09-26T12:13:37.169+09:00  INFO 8812 --- [sboard] [Thread-17] o.s.b.w.e.tomcat.GracefulShutdown        : Commencing graceful shutdown. Waiting for active requests to complete
2025-09-26T12:13:37.293+09:00  INFO 8812 --- [sboard] [tomcat-shutdown] o.s.b.w.e.tomcat.GracefulShutdown        : Graceful shutdown complete
2025-09-26T12:13:37.295+09:00  INFO 8812 --- [sboard] [Thread-17] j.LocalContainerEntityManagerFactoryBean : Closing JPA EntityManagerFactory for persistence unit 'default'
2025-09-26T12:13:37.296+09:00  INFO 8812 --- [sboard] [Thread-17] com.zaxxer.hikari.HikariDataSource       : HikariPool-4 - Shutdown initiated...
2025-09-26T12:13:37.422+09:00  INFO 8812 --- [sboard] [Thread-17] com.zaxxer.hikari.HikariDataSource       : HikariPool-4 - Shutdown completed.
2025-09-26T12:13:37.483+09:00  INFO 8812 --- [sboard] [restartedMain] kr.co.sboard.SboardApplication           : Starting SboardApplication v0.0.2-SNAPSHOT using Java 17.0.0.1 with PID 8812 (C:\Users\GGG\Desktop\workspace\sboard\build\classes\java\main started by GGG in C:\Users\GGG\Desktop\workspace\sboard)
2025-09-26T12:13:37.484+09:00  INFO 8812 --- [sboard] [restartedMain] kr.co.sboard.SboardApplication           : No active profile set, falling back to 1 default profile: "default"
2025-09-26T12:13:37.663+09:00  INFO 8812 --- [sboard] [restartedMain] .s.d.r.c.RepositoryConfigurationDelegate : Bootstrapping Spring Data JPA repositories in DEFAULT mode.
2025-09-26T12:13:37.665+09:00  INFO 8812 --- [sboard] [restartedMain] .s.d.r.c.RepositoryConfigurationDelegate : Finished Spring Data repository scanning in 1 ms. Found 0 JPA repository interfaces.
2025-09-26T12:13:37.699+09:00  WARN 8812 --- [sboard] [restartedMain] o.m.s.mapper.ClassPathMapperScanner      : No MyBatis mapper was found in '[kr.co.sboard]' package. Please check your configuration.
2025-09-26T12:13:37.758+09:00  INFO 8812 --- [sboard] [restartedMain] o.s.b.w.embedded.tomcat.TomcatWebServer  : Tomcat initialized with port 8080 (http)
2025-09-26T12:13:37.758+09:00  INFO 8812 --- [sboard] [restartedMain] o.apache.catalina.core.StandardService   : Starting service [Tomcat]
2025-09-26T12:13:37.758+09:00  INFO 8812 --- [sboard] [restartedMain] o.apache.catalina.core.StandardEngine    : Starting Servlet engine: [Apache Tomcat/10.1.46]
2025-09-26T12:13:37.776+09:00  INFO 8812 --- [sboard] [restartedMain] o.a.c.c.C.[.[localhost].[/sboard]        : Initializing Spring embedded WebApplicationContext
2025-09-26T12:13:37.776+09:00  INFO 8812 --- [sboard] [restartedMain] w.s.c.ServletWebServerApplicationContext : Root WebApplicationContext: initialization completed in 291 ms
2025-09-26T12:13:37.803+09:00  INFO 8812 --- [sboard] [restartedMain] o.hibernate.jpa.internal.util.LogHelper  : HHH000204: Processing PersistenceUnitInfo [name: default]
2025-09-26T12:13:37.806+09:00  INFO 8812 --- [sboard] [restartedMain] o.h.c.internal.RegionFactoryInitiator    : HHH000026: Second-level cache disabled
2025-09-26T12:13:37.814+09:00  INFO 8812 --- [sboard] [restartedMain] o.s.o.j.p.SpringPersistenceUnitInfo      : No LoadTimeWeaver setup: ignoring JPA class transformer
2025-09-26T12:13:37.816+09:00  INFO 8812 --- [sboard] [restartedMain] com.zaxxer.hikari.HikariDataSource       : HikariPool-5 - Starting...
2025-09-26T12:13:37.816+09:00  WARN 8812 --- [sboard] [restartedMain] c.zaxxer.hikari.util.DriverDataSource    : Registered driver with driverClassName=oracle.jdbc.driver.OracleDriver was not found, trying direct instantiation.
2025-09-26T12:13:37.949+09:00  INFO 8812 --- [sboard] [restartedMain] com.zaxxer.hikari.pool.HikariPool        : HikariPool-5 - Added connection oracle.jdbc.driver.T4CConnection@60148a07
2025-09-26T12:13:37.949+09:00  INFO 8812 --- [sboard] [restartedMain] com.zaxxer.hikari.HikariDataSource       : HikariPool-5 - Start completed.
2025-09-26T12:13:38.023+09:00  INFO 8812 --- [sboard] [restartedMain] org.hibernate.orm.connections.pooling    : HHH10001005: Database info:
	Database JDBC URL [Connecting through datasource 'HikariDataSource (HikariPool-5)']
	Database driver: undefined/unknown
	Database version: 21.3
	Autocommit mode: undefined/unknown
	Isolation level: undefined/unknown
	Minimum pool size: undefined/unknown
	Maximum pool size: undefined/unknown
2025-09-26T12:13:38.043+09:00  INFO 8812 --- [sboard] [restartedMain] o.h.e.t.j.p.i.JtaPlatformInitiator       : HHH000489: No JTA platform available (set 'hibernate.transaction.jta.platform' to enable JTA platform integration)
2025-09-26T12:13:38.043+09:00  INFO 8812 --- [sboard] [restartedMain] j.LocalContainerEntityManagerFactoryBean : Initialized JPA EntityManagerFactory for persistence unit 'default'
2025-09-26T12:13:38.057+09:00  WARN 8812 --- [sboard] [restartedMain] JpaBaseConfiguration$JpaWebConfiguration : spring.jpa.open-in-view is enabled by default. Therefore, database queries may be performed during view rendering. Explicitly configure spring.jpa.open-in-view to disable this warning
2025-09-26T12:13:38.066+09:00  INFO 8812 --- [sboard] [restartedMain] o.s.b.a.w.s.WelcomePageHandlerMapping    : Adding welcome page template: index
2025-09-26T12:13:38.147+09:00  WARN 8812 --- [sboard] [restartedMain] .s.s.UserDetailsServiceAutoConfiguration : 

Using generated security password: ba83ebec-ab75-4774-8d00-6494bbf1db6a

This generated password is for development use only. Your security configuration must be updated before running your application in production.

2025-09-26T12:13:38.148+09:00  INFO 8812 --- [sboard] [restartedMain] r$InitializeUserDetailsManagerConfigurer : Global AuthenticationManager configured with UserDetailsService bean with name inMemoryUserDetailsManager
2025-09-26T12:13:38.167+09:00  INFO 8812 --- [sboard] [restartedMain] o.s.b.d.a.OptionalLiveReloadServer       : LiveReload server is running on port 35729
2025-09-26T12:13:38.175+09:00  INFO 8812 --- [sboard] [restartedMain] o.s.b.w.embedded.tomcat.TomcatWebServer  : Tomcat started on port 8080 (http) with context path '/sboard'
2025-09-26T12:13:38.179+09:00  INFO 8812 --- [sboard] [restartedMain] kr.co.sboard.SboardApplication           : Started SboardApplication in 0.721 seconds (process running for 862.499)
2025-09-26T12:13:38.180+09:00  INFO 8812 --- [sboard] [restartedMain] .ConditionEvaluationDeltaLoggingListener : Condition evaluation unchanged
2025-09-26T12:13:38.519+09:00  INFO 8812 --- [sboard] [http-nio-8080-exec-1] o.a.c.c.C.[.[localhost].[/sboard]        : Initializing Spring DispatcherServlet 'dispatcherServlet'
2025-09-26T12:13:38.519+09:00  INFO 8812 --- [sboard] [http-nio-8080-exec-1] o.s.web.servlet.DispatcherServlet        : Initializing Servlet 'dispatcherServlet'
2025-09-26T12:13:38.521+09:00  INFO 8812 --- [sboard] [http-nio-8080-exec-1] o.s.web.servlet.DispatcherServlet        : Completed initialization in 2 ms
2025-09-26T12:13:59.817+09:00  INFO 8812 --- [sboard] [File Watcher] rtingClassPathChangeChangedEventListener : Restarting due to 1 class path change (0 additions, 1 deletion, 0 modifications)
2025-09-26T12:13:59.818+09:00  INFO 8812 --- [sboard] [Thread-21] o.s.b.w.e.tomcat.GracefulShutdown        : Commencing graceful shutdown. Waiting for active requests to complete
2025-09-26T12:13:59.961+09:00  INFO 8812 --- [sboard] [tomcat-shutdown] o.s.b.w.e.tomcat.GracefulShutdown        : Graceful shutdown complete
2025-09-26T12:13:59.963+09:00  INFO 8812 --- [sboard] [Thread-21] j.LocalContainerEntityManagerFactoryBean : Closing JPA EntityManagerFactory for persistence unit 'default'
2025-09-26T12:13:59.964+09:00  INFO 8812 --- [sboard] [Thread-21] com.zaxxer.hikari.HikariDataSource       : HikariPool-5 - Shutdown initiated...
2025-09-26T12:14:00.065+09:00  INFO 8812 --- [sboard] [Thread-21] com.zaxxer.hikari.HikariDataSource       : HikariPool-5 - Shutdown completed.
2025-09-26T12:14:00.134+09:00  INFO 8812 --- [sboard] [restartedMain] kr.co.sboard.SboardApplication           : Starting SboardApplication v0.0.2-SNAPSHOT using Java 17.0.0.1 with PID 8812 (C:\Users\GGG\Desktop\workspace\sboard\build\classes\java\main started by GGG in C:\Users\GGG\Desktop\workspace\sboard)
2025-09-26T12:14:00.134+09:00  INFO 8812 --- [sboard] [restartedMain] kr.co.sboard.SboardApplication           : No active profile set, falling back to 1 default profile: "default"
2025-09-26T12:14:00.393+09:00  INFO 8812 --- [sboard] [restartedMain] .s.d.r.c.RepositoryConfigurationDelegate : Bootstrapping Spring Data JPA repositories in DEFAULT mode.
2025-09-26T12:14:00.396+09:00  INFO 8812 --- [sboard] [restartedMain] .s.d.r.c.RepositoryConfigurationDelegate : Finished Spring Data repository scanning in 1 ms. Found 0 JPA repository interfaces.
2025-09-26T12:14:00.451+09:00  WARN 8812 --- [sboard] [restartedMain] o.m.s.mapper.ClassPathMapperScanner      : No MyBatis mapper was found in '[kr.co.sboard]' package. Please check your configuration.
2025-09-26T12:14:00.522+09:00  INFO 8812 --- [sboard] [restartedMain] o.s.b.w.embedded.tomcat.TomcatWebServer  : Tomcat initialized with port 8080 (http)
2025-09-26T12:14:00.523+09:00  INFO 8812 --- [sboard] [restartedMain] o.apache.catalina.core.StandardService   : Starting service [Tomcat]
2025-09-26T12:14:00.523+09:00  INFO 8812 --- [sboard] [restartedMain] o.apache.catalina.core.StandardEngine    : Starting Servlet engine: [Apache Tomcat/10.1.46]
2025-09-26T12:14:00.543+09:00  INFO 8812 --- [sboard] [restartedMain] o.a.c.c.C.[.[localhost].[/sboard]        : Initializing Spring embedded WebApplicationContext
2025-09-26T12:14:00.544+09:00  INFO 8812 --- [sboard] [restartedMain] w.s.c.ServletWebServerApplicationContext : Root WebApplicationContext: initialization completed in 409 ms
2025-09-26T12:14:00.580+09:00  INFO 8812 --- [sboard] [restartedMain] o.hibernate.jpa.internal.util.LogHelper  : HHH000204: Processing PersistenceUnitInfo [name: default]
2025-09-26T12:14:00.584+09:00  INFO 8812 --- [sboard] [restartedMain] o.h.c.internal.RegionFactoryInitiator    : HHH000026: Second-level cache disabled
2025-09-26T12:14:00.593+09:00  INFO 8812 --- [sboard] [restartedMain] o.s.o.j.p.SpringPersistenceUnitInfo      : No LoadTimeWeaver setup: ignoring JPA class transformer
2025-09-26T12:14:00.595+09:00  INFO 8812 --- [sboard] [restartedMain] com.zaxxer.hikari.HikariDataSource       : HikariPool-6 - Starting...
2025-09-26T12:14:00.595+09:00  WARN 8812 --- [sboard] [restartedMain] c.zaxxer.hikari.util.DriverDataSource    : Registered driver with driverClassName=oracle.jdbc.driver.OracleDriver was not found, trying direct instantiation.
2025-09-26T12:14:00.800+09:00  INFO 8812 --- [sboard] [restartedMain] com.zaxxer.hikari.pool.HikariPool        : HikariPool-6 - Added connection oracle.jdbc.driver.T4CConnection@ba85be5
2025-09-26T12:14:00.800+09:00  INFO 8812 --- [sboard] [restartedMain] com.zaxxer.hikari.HikariDataSource       : HikariPool-6 - Start completed.
2025-09-26T12:14:00.874+09:00  INFO 8812 --- [sboard] [restartedMain] org.hibernate.orm.connections.pooling    : HHH10001005: Database info:
	Database JDBC URL [Connecting through datasource 'HikariDataSource (HikariPool-6)']
	Database driver: undefined/unknown
	Database version: 21.3
	Autocommit mode: undefined/unknown
	Isolation level: undefined/unknown
	Minimum pool size: undefined/unknown
	Maximum pool size: undefined/unknown
2025-09-26T12:14:00.889+09:00  INFO 8812 --- [sboard] [restartedMain] o.h.e.t.j.p.i.JtaPlatformInitiator       : HHH000489: No JTA platform available (set 'hibernate.transaction.jta.platform' to enable JTA platform integration)
2025-09-26T12:14:00.889+09:00  INFO 8812 --- [sboard] [restartedMain] j.LocalContainerEntityManagerFactoryBean : Initialized JPA EntityManagerFactory for persistence unit 'default'
2025-09-26T12:14:00.902+09:00  WARN 8812 --- [sboard] [restartedMain] JpaBaseConfiguration$JpaWebConfiguration : spring.jpa.open-in-view is enabled by default. Therefore, database queries may be performed during view rendering. Explicitly configure spring.jpa.open-in-view to disable this warning
2025-09-26T12:14:00.909+09:00  INFO 8812 --- [sboard] [restartedMain] o.s.b.a.w.s.WelcomePageHandlerMapping    : Adding welcome page template: index
2025-09-26T12:14:01.000+09:00  WARN 8812 --- [sboard] [restartedMain] .s.s.UserDetailsServiceAutoConfiguration : 

Using generated security password: 2a00a0ae-8aa1-458e-bd9f-d6769b254e92

This generated password is for development use only. Your security configuration must be updated before running your application in production.

2025-09-26T12:14:01.001+09:00  INFO 8812 --- [sboard] [restartedMain] r$InitializeUserDetailsManagerConfigurer : Global AuthenticationManager configured with UserDetailsService bean with name inMemoryUserDetailsManager
2025-09-26T12:14:01.018+09:00  INFO 8812 --- [sboard] [restartedMain] o.s.b.d.a.OptionalLiveReloadServer       : LiveReload server is running on port 35729
2025-09-26T12:14:01.028+09:00  INFO 8812 --- [sboard] [restartedMain] o.s.b.w.embedded.tomcat.TomcatWebServer  : Tomcat started on port 8080 (http) with context path '/sboard'
2025-09-26T12:14:01.032+09:00  INFO 8812 --- [sboard] [restartedMain] kr.co.sboard.SboardApplication           : Started SboardApplication in 0.924 seconds (process running for 885.352)
2025-09-26T12:14:01.033+09:00  INFO 8812 --- [sboard] [restartedMain] .ConditionEvaluationDeltaLoggingListener : Condition evaluation unchanged
2025-09-26T12:14:02.437+09:00  INFO 8812 --- [sboard] [File Watcher] rtingClassPathChangeChangedEventListener : Restarting due to 1 class path change (1 addition, 0 deletions, 0 modifications)
2025-09-26T12:14:02.438+09:00  INFO 8812 --- [sboard] [Thread-25] o.s.b.w.e.tomcat.GracefulShutdown        : Commencing graceful shutdown. Waiting for active requests to complete
2025-09-26T12:14:02.576+09:00  INFO 8812 --- [sboard] [tomcat-shutdown] o.s.b.w.e.tomcat.GracefulShutdown        : Graceful shutdown complete
2025-09-26T12:14:02.578+09:00  INFO 8812 --- [sboard] [Thread-25] j.LocalContainerEntityManagerFactoryBean : Closing JPA EntityManagerFactory for persistence unit 'default'
2025-09-26T12:14:02.578+09:00  INFO 8812 --- [sboard] [Thread-25] com.zaxxer.hikari.HikariDataSource       : HikariPool-6 - Shutdown initiated...
2025-09-26T12:14:02.693+09:00  INFO 8812 --- [sboard] [Thread-25] com.zaxxer.hikari.HikariDataSource       : HikariPool-6 - Shutdown completed.
2025-09-26T12:14:02.769+09:00  INFO 8812 --- [sboard] [restartedMain] kr.co.sboard.SboardApplication           : Starting SboardApplication v0.0.2-SNAPSHOT using Java 17.0.0.1 with PID 8812 (C:\Users\GGG\Desktop\workspace\sboard\build\classes\java\main started by GGG in C:\Users\GGG\Desktop\workspace\sboard)
2025-09-26T12:14:02.769+09:00  INFO 8812 --- [sboard] [restartedMain] kr.co.sboard.SboardApplication           : No active profile set, falling back to 1 default profile: "default"
2025-09-26T12:14:02.966+09:00  INFO 8812 --- [sboard] [restartedMain] .s.d.r.c.RepositoryConfigurationDelegate : Bootstrapping Spring Data JPA repositories in DEFAULT mode.
2025-09-26T12:14:02.968+09:00  INFO 8812 --- [sboard] [restartedMain] .s.d.r.c.RepositoryConfigurationDelegate : Finished Spring Data repository scanning in 1 ms. Found 0 JPA repository interfaces.
2025-09-26T12:14:03.002+09:00  WARN 8812 --- [sboard] [restartedMain] o.m.s.mapper.ClassPathMapperScanner      : No MyBatis mapper was found in '[kr.co.sboard]' package. Please check your configuration.
2025-09-26T12:14:03.065+09:00  INFO 8812 --- [sboard] [restartedMain] o.s.b.w.embedded.tomcat.TomcatWebServer  : Tomcat initialized with port 8080 (http)
2025-09-26T12:14:03.066+09:00  INFO 8812 --- [sboard] [restartedMain] o.apache.catalina.core.StandardService   : Starting service [Tomcat]
2025-09-26T12:14:03.066+09:00  INFO 8812 --- [sboard] [restartedMain] o.apache.catalina.core.StandardEngine    : Starting Servlet engine: [Apache Tomcat/10.1.46]
2025-09-26T12:14:03.084+09:00  INFO 8812 --- [sboard] [restartedMain] o.a.c.c.C.[.[localhost].[/sboard]        : Initializing Spring embedded WebApplicationContext
2025-09-26T12:14:03.084+09:00  INFO 8812 --- [sboard] [restartedMain] w.s.c.ServletWebServerApplicationContext : Root WebApplicationContext: initialization completed in 313 ms
2025-09-26T12:14:03.108+09:00  INFO 8812 --- [sboard] [restartedMain] o.hibernate.jpa.internal.util.LogHelper  : HHH000204: Processing PersistenceUnitInfo [name: default]
2025-09-26T12:14:03.112+09:00  INFO 8812 --- [sboard] [restartedMain] o.h.c.internal.RegionFactoryInitiator    : HHH000026: Second-level cache disabled
2025-09-26T12:14:03.120+09:00  INFO 8812 --- [sboard] [restartedMain] o.s.o.j.p.SpringPersistenceUnitInfo      : No LoadTimeWeaver setup: ignoring JPA class transformer
2025-09-26T12:14:03.121+09:00  INFO 8812 --- [sboard] [restartedMain] com.zaxxer.hikari.HikariDataSource       : HikariPool-7 - Starting...
2025-09-26T12:14:03.121+09:00  WARN 8812 --- [sboard] [restartedMain] c.zaxxer.hikari.util.DriverDataSource    : Registered driver with driverClassName=oracle.jdbc.driver.OracleDriver was not found, trying direct instantiation.
2025-09-26T12:14:03.249+09:00  INFO 8812 --- [sboard] [restartedMain] com.zaxxer.hikari.pool.HikariPool        : HikariPool-7 - Added connection oracle.jdbc.driver.T4CConnection@11029281
2025-09-26T12:14:03.249+09:00  INFO 8812 --- [sboard] [restartedMain] com.zaxxer.hikari.HikariDataSource       : HikariPool-7 - Start completed.
2025-09-26T12:14:03.319+09:00  INFO 8812 --- [sboard] [restartedMain] org.hibernate.orm.connections.pooling    : HHH10001005: Database info:
	Database JDBC URL [Connecting through datasource 'HikariDataSource (HikariPool-7)']
	Database driver: undefined/unknown
	Database version: 21.3
	Autocommit mode: undefined/unknown
	Isolation level: undefined/unknown
	Minimum pool size: undefined/unknown
	Maximum pool size: undefined/unknown
2025-09-26T12:14:03.334+09:00  INFO 8812 --- [sboard] [restartedMain] o.h.e.t.j.p.i.JtaPlatformInitiator       : HHH000489: No JTA platform available (set 'hibernate.transaction.jta.platform' to enable JTA platform integration)
2025-09-26T12:14:03.334+09:00  INFO 8812 --- [sboard] [restartedMain] j.LocalContainerEntityManagerFactoryBean : Initialized JPA EntityManagerFactory for persistence unit 'default'
2025-09-26T12:14:03.350+09:00  WARN 8812 --- [sboard] [restartedMain] JpaBaseConfiguration$JpaWebConfiguration : spring.jpa.open-in-view is enabled by default. Therefore, database queries may be performed during view rendering. Explicitly configure spring.jpa.open-in-view to disable this warning
2025-09-26T12:14:03.357+09:00  INFO 8812 --- [sboard] [restartedMain] o.s.b.a.w.s.WelcomePageHandlerMapping    : Adding welcome page template: index
2025-09-26T12:14:03.429+09:00  WARN 8812 --- [sboard] [restartedMain] .s.s.UserDetailsServiceAutoConfiguration : 

Using generated security password: 49f6fa61-f79c-4a8a-8fa7-321614ce1143

This generated password is for development use only. Your security configuration must be updated before running your application in production.

2025-09-26T12:14:03.429+09:00  INFO 8812 --- [sboard] [restartedMain] r$InitializeUserDetailsManagerConfigurer : Global AuthenticationManager configured with UserDetailsService bean with name inMemoryUserDetailsManager
2025-09-26T12:14:03.446+09:00  INFO 8812 --- [sboard] [restartedMain] o.s.b.d.a.OptionalLiveReloadServer       : LiveReload server is running on port 35729
2025-09-26T12:14:03.455+09:00  INFO 8812 --- [sboard] [restartedMain] o.s.b.w.embedded.tomcat.TomcatWebServer  : Tomcat started on port 8080 (http) with context path '/sboard'
2025-09-26T12:14:03.459+09:00  INFO 8812 --- [sboard] [restartedMain] kr.co.sboard.SboardApplication           : Started SboardApplication in 0.717 seconds (process running for 887.779)
2025-09-26T12:14:03.460+09:00  INFO 8812 --- [sboard] [restartedMain] .ConditionEvaluationDeltaLoggingListener : Condition evaluation unchanged
2025-09-26T12:15:19.653+09:00  INFO 8812 --- [sboard] [SpringApplicationShutdownHook] o.s.b.w.e.tomcat.GracefulShutdown        : Commencing graceful shutdown. Waiting for active requests to complete
2025-09-26T12:15:19.777+09:00  INFO 8812 --- [sboard] [tomcat-shutdown] o.s.b.w.e.tomcat.GracefulShutdown        : Graceful shutdown complete
2025-09-26T12:15:19.778+09:00  INFO 8812 --- [sboard] [SpringApplicationShutdownHook] j.LocalContainerEntityManagerFactoryBean : Closing JPA EntityManagerFactory for persistence unit 'default'
2025-09-26T12:15:19.779+09:00  INFO 8812 --- [sboard] [SpringApplicationShutdownHook] com.zaxxer.hikari.HikariDataSource       : HikariPool-7 - Shutdown initiated...
2025-09-26T12:15:19.879+09:00  INFO 8812 --- [sboard] [SpringApplicationShutdownHook] com.zaxxer.hikari.HikariDataSource       : HikariPool-7 - Shutdown completed.
2025-09-26T12:15:23.258+09:00  INFO 9244 --- [sboard] [restartedMain] kr.co.sboard.SboardApplication           : Starting SboardApplication v0.0.2-SNAPSHOT using Java 17.0.0.1 with PID 9244 (C:\Users\GGG\Desktop\workspace\sboard\build\classes\java\main started by GGG in C:\Users\GGG\Desktop\workspace\sboard)
2025-09-26T12:15:23.261+09:00  INFO 9244 --- [sboard] [restartedMain] kr.co.sboard.SboardApplication           : No active profile set, falling back to 1 default profile: "default"
2025-09-26T12:15:23.307+09:00  INFO 9244 --- [sboard] [restartedMain] o.s.b.devtools.restart.ChangeableUrls    : The Class-Path manifest attribute in C:\Users\GGG\.gradle\caches\modules-2\files-2.1\com.oracle.database.jdbc\ojdbc11\23.7.0.25.01\665f52abef9122ce003b5cfc1d9d44f7302e2cfe\ojdbc11-23.7.0.25.01.jar referenced one or more files that do not exist: file:/C:/Users/GGG/.gradle/caches/modules-2/files-2.1/com.oracle.database.jdbc/ojdbc11/23.7.0.25.01/665f52abef9122ce003b5cfc1d9d44f7302e2cfe/oraclepki.jar
2025-09-26T12:15:23.307+09:00  INFO 9244 --- [sboard] [restartedMain] .e.DevToolsPropertyDefaultsPostProcessor : Devtools property defaults active! Set 'spring.devtools.add-properties' to 'false' to disable
2025-09-26T12:15:23.307+09:00  INFO 9244 --- [sboard] [restartedMain] .e.DevToolsPropertyDefaultsPostProcessor : For additional web related logging consider setting the 'logging.level.web' property to 'DEBUG'
2025-09-26T12:15:23.996+09:00  INFO 9244 --- [sboard] [restartedMain] .s.d.r.c.RepositoryConfigurationDelegate : Bootstrapping Spring Data JPA repositories in DEFAULT mode.
2025-09-26T12:15:24.016+09:00  INFO 9244 --- [sboard] [restartedMain] .s.d.r.c.RepositoryConfigurationDelegate : Finished Spring Data repository scanning in 6 ms. Found 0 JPA repository interfaces.
2025-09-26T12:15:24.171+09:00  WARN 9244 --- [sboard] [restartedMain] o.m.s.mapper.ClassPathMapperScanner      : No MyBatis mapper was found in '[kr.co.sboard]' package. Please check your configuration.
2025-09-26T12:15:24.606+09:00  INFO 9244 --- [sboard] [restartedMain] o.s.b.w.embedded.tomcat.TomcatWebServer  : Tomcat initialized with port 8080 (http)
2025-09-26T12:15:24.618+09:00  INFO 9244 --- [sboard] [restartedMain] o.apache.catalina.core.StandardService   : Starting service [Tomcat]
2025-09-26T12:15:24.618+09:00  INFO 9244 --- [sboard] [restartedMain] o.apache.catalina.core.StandardEngine    : Starting Servlet engine: [Apache Tomcat/10.1.46]
2025-09-26T12:15:24.662+09:00  INFO 9244 --- [sboard] [restartedMain] o.a.c.c.C.[.[localhost].[/sboard]        : Initializing Spring embedded WebApplicationContext
2025-09-26T12:15:24.663+09:00  INFO 9244 --- [sboard] [restartedMain] w.s.c.ServletWebServerApplicationContext : Root WebApplicationContext: initialization completed in 1356 ms
2025-09-26T12:15:24.860+09:00  INFO 9244 --- [sboard] [restartedMain] o.hibernate.jpa.internal.util.LogHelper  : HHH000204: Processing PersistenceUnitInfo [name: default]
2025-09-26T12:15:24.914+09:00  INFO 9244 --- [sboard] [restartedMain] org.hibernate.Version                    : HHH000412: Hibernate ORM core version 6.6.29.Final
2025-09-26T12:15:24.951+09:00  INFO 9244 --- [sboard] [restartedMain] o.h.c.internal.RegionFactoryInitiator    : HHH000026: Second-level cache disabled
2025-09-26T12:15:25.243+09:00  INFO 9244 --- [sboard] [restartedMain] o.s.o.j.p.SpringPersistenceUnitInfo      : No LoadTimeWeaver setup: ignoring JPA class transformer
2025-09-26T12:15:25.273+09:00  INFO 9244 --- [sboard] [restartedMain] com.zaxxer.hikari.HikariDataSource       : HikariPool-1 - Starting...
2025-09-26T12:15:25.279+09:00  WARN 9244 --- [sboard] [restartedMain] c.zaxxer.hikari.util.DriverDataSource    : Registered driver with driverClassName=oracle.jdbc.driver.OracleDriver was not found, trying direct instantiation.
2025-09-26T12:15:25.658+09:00  INFO 9244 --- [sboard] [restartedMain] com.zaxxer.hikari.pool.HikariPool        : HikariPool-1 - Added connection oracle.jdbc.driver.T4CConnection@6a89db10
2025-09-26T12:15:25.660+09:00  INFO 9244 --- [sboard] [restartedMain] com.zaxxer.hikari.HikariDataSource       : HikariPool-1 - Start completed.
2025-09-26T12:15:26.008+09:00  INFO 9244 --- [sboard] [restartedMain] org.hibernate.orm.connections.pooling    : HHH10001005: Database info:
	Database JDBC URL [Connecting through datasource 'HikariDataSource (HikariPool-1)']
	Database driver: undefined/unknown
	Database version: 21.3
	Autocommit mode: undefined/unknown
	Isolation level: undefined/unknown
	Minimum pool size: undefined/unknown
	Maximum pool size: undefined/unknown
2025-09-26T12:15:26.334+09:00  INFO 9244 --- [sboard] [restartedMain] o.h.e.t.j.p.i.JtaPlatformInitiator       : HHH000489: No JTA platform available (set 'hibernate.transaction.jta.platform' to enable JTA platform integration)
2025-09-26T12:15:26.339+09:00  INFO 9244 --- [sboard] [restartedMain] j.LocalContainerEntityManagerFactoryBean : Initialized JPA EntityManagerFactory for persistence unit 'default'
2025-09-26T12:15:26.380+09:00  WARN 9244 --- [sboard] [restartedMain] JpaBaseConfiguration$JpaWebConfiguration : spring.jpa.open-in-view is enabled by default. Therefore, database queries may be performed during view rendering. Explicitly configure spring.jpa.open-in-view to disable this warning
2025-09-26T12:15:26.407+09:00  INFO 9244 --- [sboard] [restartedMain] o.s.b.a.w.s.WelcomePageHandlerMapping    : Adding welcome page template: index
2025-09-26T12:15:26.824+09:00  WARN 9244 --- [sboard] [restartedMain] .s.s.UserDetailsServiceAutoConfiguration : 

Using generated security password: 440513c7-d7bf-4732-8f59-1a66b40c5fdc

This generated password is for development use only. Your security configuration must be updated before running your application in production.

2025-09-26T12:15:26.833+09:00  INFO 9244 --- [sboard] [restartedMain] r$InitializeUserDetailsManagerConfigurer : Global AuthenticationManager configured with UserDetailsService bean with name inMemoryUserDetailsManager
2025-09-26T12:15:26.962+09:00  INFO 9244 --- [sboard] [restartedMain] o.s.b.d.a.OptionalLiveReloadServer       : LiveReload server is running on port 35729
2025-09-26T12:15:26.994+09:00  INFO 9244 --- [sboard] [restartedMain] o.s.b.w.embedded.tomcat.TomcatWebServer  : Tomcat started on port 8080 (http) with context path '/sboard'
2025-09-26T12:15:27.003+09:00  INFO 9244 --- [sboard] [restartedMain] kr.co.sboard.SboardApplication           : Started SboardApplication in 4.394 seconds (process running for 4.994)
2025-09-26T12:17:48.773+09:00  INFO 9244 --- [sboard] [SpringApplicationShutdownHook] o.s.b.w.e.tomcat.GracefulShutdown        : Commencing graceful shutdown. Waiting for active requests to complete
2025-09-26T12:17:48.901+09:00  INFO 9244 --- [sboard] [tomcat-shutdown] o.s.b.w.e.tomcat.GracefulShutdown        : Graceful shutdown complete
2025-09-26T12:17:48.905+09:00  INFO 9244 --- [sboard] [SpringApplicationShutdownHook] j.LocalContainerEntityManagerFactoryBean : Closing JPA EntityManagerFactory for persistence unit 'default'
2025-09-26T12:17:48.907+09:00  INFO 9244 --- [sboard] [SpringApplicationShutdownHook] com.zaxxer.hikari.HikariDataSource       : HikariPool-1 - Shutdown initiated...
2025-09-26T12:17:49.009+09:00  INFO 9244 --- [sboard] [SpringApplicationShutdownHook] com.zaxxer.hikari.HikariDataSource       : HikariPool-1 - Shutdown completed.
2025-09-26T12:17:52.329+09:00  INFO 18232 --- [sboard] [restartedMain] kr.co.sboard.SboardApplication           : Starting SboardApplication v0.0.2-SNAPSHOT using Java 17.0.0.1 with PID 18232 (C:\Users\GGG\Desktop\workspace\sboard\build\classes\java\main started by GGG in C:\Users\GGG\Desktop\workspace\sboard)
2025-09-26T12:17:52.332+09:00  INFO 18232 --- [sboard] [restartedMain] kr.co.sboard.SboardApplication           : No active profile set, falling back to 1 default profile: "default"
2025-09-26T12:17:52.375+09:00  INFO 18232 --- [sboard] [restartedMain] o.s.b.devtools.restart.ChangeableUrls    : The Class-Path manifest attribute in C:\Users\GGG\.gradle\caches\modules-2\files-2.1\com.oracle.database.jdbc\ojdbc11\23.7.0.25.01\665f52abef9122ce003b5cfc1d9d44f7302e2cfe\ojdbc11-23.7.0.25.01.jar referenced one or more files that do not exist: file:/C:/Users/GGG/.gradle/caches/modules-2/files-2.1/com.oracle.database.jdbc/ojdbc11/23.7.0.25.01/665f52abef9122ce003b5cfc1d9d44f7302e2cfe/oraclepki.jar
2025-09-26T12:17:52.375+09:00  INFO 18232 --- [sboard] [restartedMain] .e.DevToolsPropertyDefaultsPostProcessor : Devtools property defaults active! Set 'spring.devtools.add-properties' to 'false' to disable
2025-09-26T12:17:52.376+09:00  INFO 18232 --- [sboard] [restartedMain] .e.DevToolsPropertyDefaultsPostProcessor : For additional web related logging consider setting the 'logging.level.web' property to 'DEBUG'
2025-09-26T12:17:53.070+09:00  INFO 18232 --- [sboard] [restartedMain] .s.d.r.c.RepositoryConfigurationDelegate : Bootstrapping Spring Data JPA repositories in DEFAULT mode.
2025-09-26T12:17:53.085+09:00  INFO 18232 --- [sboard] [restartedMain] .s.d.r.c.RepositoryConfigurationDelegate : Finished Spring Data repository scanning in 6 ms. Found 0 JPA repository interfaces.
2025-09-26T12:17:53.241+09:00  WARN 18232 --- [sboard] [restartedMain] o.m.s.mapper.ClassPathMapperScanner      : No MyBatis mapper was found in '[kr.co.sboard]' package. Please check your configuration.
2025-09-26T12:17:53.726+09:00  INFO 18232 --- [sboard] [restartedMain] o.s.b.w.embedded.tomcat.TomcatWebServer  : Tomcat initialized with port 8080 (http)
2025-09-26T12:17:53.741+09:00  INFO 18232 --- [sboard] [restartedMain] o.apache.catalina.core.StandardService   : Starting service [Tomcat]
2025-09-26T12:17:53.741+09:00  INFO 18232 --- [sboard] [restartedMain] o.apache.catalina.core.StandardEngine    : Starting Servlet engine: [Apache Tomcat/10.1.46]
2025-09-26T12:17:53.786+09:00  INFO 18232 --- [sboard] [restartedMain] o.a.c.c.C.[.[localhost].[/sboard]        : Initializing Spring embedded WebApplicationContext
2025-09-26T12:17:53.787+09:00  INFO 18232 --- [sboard] [restartedMain] w.s.c.ServletWebServerApplicationContext : Root WebApplicationContext: initialization completed in 1411 ms
2025-09-26T12:17:53.987+09:00  INFO 18232 --- [sboard] [restartedMain] o.hibernate.jpa.internal.util.LogHelper  : HHH000204: Processing PersistenceUnitInfo [name: default]
2025-09-26T12:17:54.040+09:00  INFO 18232 --- [sboard] [restartedMain] org.hibernate.Version                    : HHH000412: Hibernate ORM core version 6.6.29.Final
2025-09-26T12:17:54.073+09:00  INFO 18232 --- [sboard] [restartedMain] o.h.c.internal.RegionFactoryInitiator    : HHH000026: Second-level cache disabled
2025-09-26T12:17:54.364+09:00  INFO 18232 --- [sboard] [restartedMain] o.s.o.j.p.SpringPersistenceUnitInfo      : No LoadTimeWeaver setup: ignoring JPA class transformer
2025-09-26T12:17:54.392+09:00  INFO 18232 --- [sboard] [restartedMain] com.zaxxer.hikari.HikariDataSource       : HikariPool-1 - Starting...
2025-09-26T12:17:54.400+09:00  WARN 18232 --- [sboard] [restartedMain] c.zaxxer.hikari.util.DriverDataSource    : Registered driver with driverClassName=oracle.jdbc.driver.OracleDriver was not found, trying direct instantiation.
2025-09-26T12:17:54.792+09:00  INFO 18232 --- [sboard] [restartedMain] com.zaxxer.hikari.pool.HikariPool        : HikariPool-1 - Added connection oracle.jdbc.driver.T4CConnection@351d09fb
2025-09-26T12:17:54.793+09:00  INFO 18232 --- [sboard] [restartedMain] com.zaxxer.hikari.HikariDataSource       : HikariPool-1 - Start completed.
2025-09-26T12:17:55.144+09:00  INFO 18232 --- [sboard] [restartedMain] org.hibernate.orm.connections.pooling    : HHH10001005: Database info:
	Database JDBC URL [Connecting through datasource 'HikariDataSource (HikariPool-1)']
	Database driver: undefined/unknown
	Database version: 21.3
	Autocommit mode: undefined/unknown
	Isolation level: undefined/unknown
	Minimum pool size: undefined/unknown
	Maximum pool size: undefined/unknown
2025-09-26T12:17:55.476+09:00  INFO 18232 --- [sboard] [restartedMain] o.h.e.t.j.p.i.JtaPlatformInitiator       : HHH000489: No JTA platform available (set 'hibernate.transaction.jta.platform' to enable JTA platform integration)
2025-09-26T12:17:55.481+09:00  INFO 18232 --- [sboard] [restartedMain] j.LocalContainerEntityManagerFactoryBean : Initialized JPA EntityManagerFactory for persistence unit 'default'
2025-09-26T12:17:55.492+09:00  WARN 18232 --- [sboard] [restartedMain] ConfigServletWebServerApplicationContext : Exception encountered during context initialization - cancelling refresh attempt: org.springframework.beans.factory.UnsatisfiedDependencyException: Error creating bean with name 'appConfig': Unsatisfied dependency expressed through field 'appInfo': Error creating bean with name 'appConfig': Requested bean is currently in creation: Is there an unresolvable circular reference or an asynchronous initialization dependency?
2025-09-26T12:17:55.492+09:00  INFO 18232 --- [sboard] [restartedMain] j.LocalContainerEntityManagerFactoryBean : Closing JPA EntityManagerFactory for persistence unit 'default'
2025-09-26T12:17:55.496+09:00  INFO 18232 --- [sboard] [restartedMain] com.zaxxer.hikari.HikariDataSource       : HikariPool-1 - Shutdown initiated...
2025-09-26T12:17:55.596+09:00  INFO 18232 --- [sboard] [restartedMain] com.zaxxer.hikari.HikariDataSource       : HikariPool-1 - Shutdown completed.
2025-09-26T12:17:55.597+09:00  INFO 18232 --- [sboard] [restartedMain] o.apache.catalina.core.StandardService   : Stopping service [Tomcat]
2025-09-26T12:17:55.608+09:00  INFO 18232 --- [sboard] [restartedMain] .s.b.a.l.ConditionEvaluationReportLogger : 

Error starting ApplicationContext. To display the condition evaluation report re-run your application with 'debug' enabled.
2025-09-26T12:17:55.630+09:00 ERROR 18232 --- [sboard] [restartedMain] o.s.b.d.LoggingFailureAnalysisReporter   : 

***************************
APPLICATION FAILED TO START
***************************

Description:

The dependencies of some of the beans in the application context form a cycle:

->
|  appConfig (field private kr.co.sboard.config.AppInfo kr.co.sboard.config.AppConfig.appInfo)
<-


Action:

Relying upon circular references is discouraged and they are prohibited by default. Update your application to remove the dependency cycle between beans. As a last resort, it may be possible to break the cycle automatically by setting spring.main.allow-circular-references to true.

2025-09-26T12:19:00.246+09:00  INFO 12928 --- [sboard] [restartedMain] kr.co.sboard.SboardApplication           : Starting SboardApplication v0.0.2-SNAPSHOT using Java 17.0.0.1 with PID 12928 (C:\Users\GGG\Desktop\workspace\sboard\build\classes\java\main started by GGG in C:\Users\GGG\Desktop\workspace\sboard)
2025-09-26T12:19:00.249+09:00  INFO 12928 --- [sboard] [restartedMain] kr.co.sboard.SboardApplication           : No active profile set, falling back to 1 default profile: "default"
2025-09-26T12:19:00.293+09:00  INFO 12928 --- [sboard] [restartedMain] o.s.b.devtools.restart.ChangeableUrls    : The Class-Path manifest attribute in C:\Users\GGG\.gradle\caches\modules-2\files-2.1\com.oracle.database.jdbc\ojdbc11\23.7.0.25.01\665f52abef9122ce003b5cfc1d9d44f7302e2cfe\ojdbc11-23.7.0.25.01.jar referenced one or more files that do not exist: file:/C:/Users/GGG/.gradle/caches/modules-2/files-2.1/com.oracle.database.jdbc/ojdbc11/23.7.0.25.01/665f52abef9122ce003b5cfc1d9d44f7302e2cfe/oraclepki.jar
2025-09-26T12:19:00.294+09:00  INFO 12928 --- [sboard] [restartedMain] .e.DevToolsPropertyDefaultsPostProcessor : Devtools property defaults active! Set 'spring.devtools.add-properties' to 'false' to disable
2025-09-26T12:19:00.294+09:00  INFO 12928 --- [sboard] [restartedMain] .e.DevToolsPropertyDefaultsPostProcessor : For additional web related logging consider setting the 'logging.level.web' property to 'DEBUG'
2025-09-26T12:19:01.004+09:00  INFO 12928 --- [sboard] [restartedMain] .s.d.r.c.RepositoryConfigurationDelegate : Bootstrapping Spring Data JPA repositories in DEFAULT mode.
2025-09-26T12:19:01.022+09:00  INFO 12928 --- [sboard] [restartedMain] .s.d.r.c.RepositoryConfigurationDelegate : Finished Spring Data repository scanning in 5 ms. Found 0 JPA repository interfaces.
2025-09-26T12:19:01.152+09:00  WARN 12928 --- [sboard] [restartedMain] o.m.s.mapper.ClassPathMapperScanner      : No MyBatis mapper was found in '[kr.co.sboard]' package. Please check your configuration.
2025-09-26T12:19:01.638+09:00  INFO 12928 --- [sboard] [restartedMain] o.s.b.w.embedded.tomcat.TomcatWebServer  : Tomcat initialized with port 8080 (http)
2025-09-26T12:19:01.653+09:00  INFO 12928 --- [sboard] [restartedMain] o.apache.catalina.core.StandardService   : Starting service [Tomcat]
2025-09-26T12:19:01.653+09:00  INFO 12928 --- [sboard] [restartedMain] o.apache.catalina.core.StandardEngine    : Starting Servlet engine: [Apache Tomcat/10.1.46]
2025-09-26T12:19:01.701+09:00  INFO 12928 --- [sboard] [restartedMain] o.a.c.c.C.[.[localhost].[/sboard]        : Initializing Spring embedded WebApplicationContext
2025-09-26T12:19:01.701+09:00  INFO 12928 --- [sboard] [restartedMain] w.s.c.ServletWebServerApplicationContext : Root WebApplicationContext: initialization completed in 1407 ms
2025-09-26T12:19:01.904+09:00  INFO 12928 --- [sboard] [restartedMain] o.hibernate.jpa.internal.util.LogHelper  : HHH000204: Processing PersistenceUnitInfo [name: default]
2025-09-26T12:19:01.957+09:00  INFO 12928 --- [sboard] [restartedMain] org.hibernate.Version                    : HHH000412: Hibernate ORM core version 6.6.29.Final
2025-09-26T12:19:01.989+09:00  INFO 12928 --- [sboard] [restartedMain] o.h.c.internal.RegionFactoryInitiator    : HHH000026: Second-level cache disabled
2025-09-26T12:19:02.277+09:00  INFO 12928 --- [sboard] [restartedMain] o.s.o.j.p.SpringPersistenceUnitInfo      : No LoadTimeWeaver setup: ignoring JPA class transformer
2025-09-26T12:19:02.306+09:00  INFO 12928 --- [sboard] [restartedMain] com.zaxxer.hikari.HikariDataSource       : HikariPool-1 - Starting...
2025-09-26T12:19:02.312+09:00  WARN 12928 --- [sboard] [restartedMain] c.zaxxer.hikari.util.DriverDataSource    : Registered driver with driverClassName=oracle.jdbc.driver.OracleDriver was not found, trying direct instantiation.
2025-09-26T12:19:02.696+09:00  INFO 12928 --- [sboard] [restartedMain] com.zaxxer.hikari.pool.HikariPool        : HikariPool-1 - Added connection oracle.jdbc.driver.T4CConnection@3a763ad6
2025-09-26T12:19:02.698+09:00  INFO 12928 --- [sboard] [restartedMain] com.zaxxer.hikari.HikariDataSource       : HikariPool-1 - Start completed.
2025-09-26T12:19:03.052+09:00  INFO 12928 --- [sboard] [restartedMain] org.hibernate.orm.connections.pooling    : HHH10001005: Database info:
	Database JDBC URL [Connecting through datasource 'HikariDataSource (HikariPool-1)']
	Database driver: undefined/unknown
	Database version: 21.3
	Autocommit mode: undefined/unknown
	Isolation level: undefined/unknown
	Minimum pool size: undefined/unknown
	Maximum pool size: undefined/unknown
2025-09-26T12:19:03.379+09:00  INFO 12928 --- [sboard] [restartedMain] o.h.e.t.j.p.i.JtaPlatformInitiator       : HHH000489: No JTA platform available (set 'hibernate.transaction.jta.platform' to enable JTA platform integration)
2025-09-26T12:19:03.384+09:00  INFO 12928 --- [sboard] [restartedMain] j.LocalContainerEntityManagerFactoryBean : Initialized JPA EntityManagerFactory for persistence unit 'default'
2025-09-26T12:19:03.429+09:00  WARN 12928 --- [sboard] [restartedMain] JpaBaseConfiguration$JpaWebConfiguration : spring.jpa.open-in-view is enabled by default. Therefore, database queries may be performed during view rendering. Explicitly configure spring.jpa.open-in-view to disable this warning
2025-09-26T12:19:03.456+09:00  INFO 12928 --- [sboard] [restartedMain] o.s.b.a.w.s.WelcomePageHandlerMapping    : Adding welcome page template: index
2025-09-26T12:19:03.869+09:00  WARN 12928 --- [sboard] [restartedMain] .s.s.UserDetailsServiceAutoConfiguration : 

Using generated security password: ff5bb19a-4356-4470-b75f-0d35f36b861d

This generated password is for development use only. Your security configuration must be updated before running your application in production.

2025-09-26T12:19:03.876+09:00  INFO 12928 --- [sboard] [restartedMain] r$InitializeUserDetailsManagerConfigurer : Global AuthenticationManager configured with UserDetailsService bean with name inMemoryUserDetailsManager
2025-09-26T12:19:04.003+09:00  INFO 12928 --- [sboard] [restartedMain] o.s.b.d.a.OptionalLiveReloadServer       : LiveReload server is running on port 35729
2025-09-26T12:19:04.034+09:00  INFO 12928 --- [sboard] [restartedMain] o.s.b.w.embedded.tomcat.TomcatWebServer  : Tomcat started on port 8080 (http) with context path '/sboard'
2025-09-26T12:19:04.042+09:00  INFO 12928 --- [sboard] [restartedMain] kr.co.sboard.SboardApplication           : Started SboardApplication in 4.322 seconds (process running for 4.949)
2025-09-26T12:19:10.822+09:00  INFO 12928 --- [sboard] [SpringApplicationShutdownHook] o.s.b.w.e.tomcat.GracefulShutdown        : Commencing graceful shutdown. Waiting for active requests to complete
2025-09-26T12:19:10.950+09:00  INFO 12928 --- [sboard] [tomcat-shutdown] o.s.b.w.e.tomcat.GracefulShutdown        : Graceful shutdown complete
2025-09-26T12:19:10.954+09:00  INFO 12928 --- [sboard] [SpringApplicationShutdownHook] j.LocalContainerEntityManagerFactoryBean : Closing JPA EntityManagerFactory for persistence unit 'default'
2025-09-26T12:19:10.956+09:00  INFO 12928 --- [sboard] [SpringApplicationShutdownHook] com.zaxxer.hikari.HikariDataSource       : HikariPool-1 - Shutdown initiated...
2025-09-26T12:19:11.062+09:00  INFO 12928 --- [sboard] [SpringApplicationShutdownHook] com.zaxxer.hikari.HikariDataSource       : HikariPool-1 - Shutdown completed.
2025-09-26T12:19:14.065+09:00  INFO 17888 --- [sboard] [restartedMain] kr.co.sboard.SboardApplication           : Starting SboardApplication v0.0.2-SNAPSHOT using Java 17.0.0.1 with PID 17888 (C:\Users\GGG\Desktop\workspace\sboard\build\classes\java\main started by GGG in C:\Users\GGG\Desktop\workspace\sboard)
2025-09-26T12:19:14.067+09:00  INFO 17888 --- [sboard] [restartedMain] kr.co.sboard.SboardApplication           : No active profile set, falling back to 1 default profile: "default"
2025-09-26T12:19:14.117+09:00  INFO 17888 --- [sboard] [restartedMain] o.s.b.devtools.restart.ChangeableUrls    : The Class-Path manifest attribute in C:\Users\GGG\.gradle\caches\modules-2\files-2.1\com.oracle.database.jdbc\ojdbc11\23.7.0.25.01\665f52abef9122ce003b5cfc1d9d44f7302e2cfe\ojdbc11-23.7.0.25.01.jar referenced one or more files that do not exist: file:/C:/Users/GGG/.gradle/caches/modules-2/files-2.1/com.oracle.database.jdbc/ojdbc11/23.7.0.25.01/665f52abef9122ce003b5cfc1d9d44f7302e2cfe/oraclepki.jar
2025-09-26T12:19:14.117+09:00  INFO 17888 --- [sboard] [restartedMain] .e.DevToolsPropertyDefaultsPostProcessor : Devtools property defaults active! Set 'spring.devtools.add-properties' to 'false' to disable
2025-09-26T12:19:14.117+09:00  INFO 17888 --- [sboard] [restartedMain] .e.DevToolsPropertyDefaultsPostProcessor : For additional web related logging consider setting the 'logging.level.web' property to 'DEBUG'
2025-09-26T12:19:14.813+09:00  INFO 17888 --- [sboard] [restartedMain] .s.d.r.c.RepositoryConfigurationDelegate : Bootstrapping Spring Data JPA repositories in DEFAULT mode.
2025-09-26T12:19:14.828+09:00  INFO 17888 --- [sboard] [restartedMain] .s.d.r.c.RepositoryConfigurationDelegate : Finished Spring Data repository scanning in 5 ms. Found 0 JPA repository interfaces.
2025-09-26T12:19:14.975+09:00  WARN 17888 --- [sboard] [restartedMain] o.m.s.mapper.ClassPathMapperScanner      : No MyBatis mapper was found in '[kr.co.sboard]' package. Please check your configuration.
2025-09-26T12:19:15.418+09:00  INFO 17888 --- [sboard] [restartedMain] o.s.b.w.embedded.tomcat.TomcatWebServer  : Tomcat initialized with port 8080 (http)
2025-09-26T12:19:15.430+09:00  INFO 17888 --- [sboard] [restartedMain] o.apache.catalina.core.StandardService   : Starting service [Tomcat]
2025-09-26T12:19:15.430+09:00  INFO 17888 --- [sboard] [restartedMain] o.apache.catalina.core.StandardEngine    : Starting Servlet engine: [Apache Tomcat/10.1.46]
2025-09-26T12:19:15.475+09:00  INFO 17888 --- [sboard] [restartedMain] o.a.c.c.C.[.[localhost].[/sboard]        : Initializing Spring embedded WebApplicationContext
2025-09-26T12:19:15.475+09:00  INFO 17888 --- [sboard] [restartedMain] w.s.c.ServletWebServerApplicationContext : Root WebApplicationContext: initialization completed in 1357 ms
2025-09-26T12:19:15.679+09:00  INFO 17888 --- [sboard] [restartedMain] o.hibernate.jpa.internal.util.LogHelper  : HHH000204: Processing PersistenceUnitInfo [name: default]
2025-09-26T12:19:15.733+09:00  INFO 17888 --- [sboard] [restartedMain] org.hibernate.Version                    : HHH000412: Hibernate ORM core version 6.6.29.Final
2025-09-26T12:19:15.765+09:00  INFO 17888 --- [sboard] [restartedMain] o.h.c.internal.RegionFactoryInitiator    : HHH000026: Second-level cache disabled
2025-09-26T12:19:16.062+09:00  INFO 17888 --- [sboard] [restartedMain] o.s.o.j.p.SpringPersistenceUnitInfo      : No LoadTimeWeaver setup: ignoring JPA class transformer
2025-09-26T12:19:16.092+09:00  INFO 17888 --- [sboard] [restartedMain] com.zaxxer.hikari.HikariDataSource       : HikariPool-1 - Starting...
2025-09-26T12:19:16.097+09:00  WARN 17888 --- [sboard] [restartedMain] c.zaxxer.hikari.util.DriverDataSource    : Registered driver with driverClassName=oracle.jdbc.driver.OracleDriver was not found, trying direct instantiation.
2025-09-26T12:19:16.484+09:00  INFO 17888 --- [sboard] [restartedMain] com.zaxxer.hikari.pool.HikariPool        : HikariPool-1 - Added connection oracle.jdbc.driver.T4CConnection@1d0b41f2
2025-09-26T12:19:16.487+09:00  INFO 17888 --- [sboard] [restartedMain] com.zaxxer.hikari.HikariDataSource       : HikariPool-1 - Start completed.
2025-09-26T12:19:16.828+09:00  INFO 17888 --- [sboard] [restartedMain] org.hibernate.orm.connections.pooling    : HHH10001005: Database info:
	Database JDBC URL [Connecting through datasource 'HikariDataSource (HikariPool-1)']
	Database driver: undefined/unknown
	Database version: 21.3
	Autocommit mode: undefined/unknown
	Isolation level: undefined/unknown
	Minimum pool size: undefined/unknown
	Maximum pool size: undefined/unknown
2025-09-26T12:19:17.153+09:00  INFO 17888 --- [sboard] [restartedMain] o.h.e.t.j.p.i.JtaPlatformInitiator       : HHH000489: No JTA platform available (set 'hibernate.transaction.jta.platform' to enable JTA platform integration)
2025-09-26T12:19:17.158+09:00  INFO 17888 --- [sboard] [restartedMain] j.LocalContainerEntityManagerFactoryBean : Initialized JPA EntityManagerFactory for persistence unit 'default'
2025-09-26T12:19:17.200+09:00  WARN 17888 --- [sboard] [restartedMain] JpaBaseConfiguration$JpaWebConfiguration : spring.jpa.open-in-view is enabled by default. Therefore, database queries may be performed during view rendering. Explicitly configure spring.jpa.open-in-view to disable this warning
2025-09-26T12:19:17.228+09:00  INFO 17888 --- [sboard] [restartedMain] o.s.b.a.w.s.WelcomePageHandlerMapping    : Adding welcome page template: index
2025-09-26T12:19:17.653+09:00  WARN 17888 --- [sboard] [restartedMain] .s.s.UserDetailsServiceAutoConfiguration : 

Using generated security password: e4505ce5-ea97-4514-ba6a-ecd7732feea9

This generated password is for development use only. Your security configuration must be updated before running your application in production.

2025-09-26T12:19:17.661+09:00  INFO 17888 --- [sboard] [restartedMain] r$InitializeUserDetailsManagerConfigurer : Global AuthenticationManager configured with UserDetailsService bean with name inMemoryUserDetailsManager
2025-09-26T12:19:17.792+09:00  INFO 17888 --- [sboard] [restartedMain] o.s.b.d.a.OptionalLiveReloadServer       : LiveReload server is running on port 35729
2025-09-26T12:19:17.822+09:00  INFO 17888 --- [sboard] [restartedMain] o.s.b.w.embedded.tomcat.TomcatWebServer  : Tomcat started on port 8080 (http) with context path '/sboard'
2025-09-26T12:19:17.831+09:00  INFO 17888 --- [sboard] [restartedMain] kr.co.sboard.SboardApplication           : Started SboardApplication in 4.281 seconds (process running for 4.843)
2025-09-26T12:19:24.088+09:00  INFO 17888 --- [sboard] [http-nio-8080-exec-1] o.a.c.c.C.[.[localhost].[/sboard]        : Initializing Spring DispatcherServlet 'dispatcherServlet'
2025-09-26T12:19:24.088+09:00  INFO 17888 --- [sboard] [http-nio-8080-exec-1] o.s.web.servlet.DispatcherServlet        : Initializing Servlet 'dispatcherServlet'
2025-09-26T12:19:24.089+09:00  INFO 17888 --- [sboard] [http-nio-8080-exec-1] o.s.web.servlet.DispatcherServlet        : Completed initialization in 1 ms
